ParseStarterProject/build/outputs/logs/manifest-merger-debug-report.txt
-- Merging decision tree log ---
manifest
ADDED from src\main\AndroidManifest.xml:9:1-69:12
INJECTED from src\main\AndroidManifest.xml:9:1-69:12
INJECTED from src\main\AndroidManifest.xml:9:1-69:12
INJECTED from src\main\AndroidManifest.xml:9:1-69:12
MERGED from [com.google.android.gms:play-services:11.0.4] AndroidManifest.xml:2:1-6:12
MERGED from [com.google.android.gms:play-services-cast-framework:11.0.4] AndroidManifest.xml:2:1-9:12
MERGED from [com.google.android.gms:play-services-cast:11.0.4] AndroidManifest.xml:16:1-19:12
MERGED from [com.android.support:mediarouter-v7:25.2.0] AndroidManifest.xml:17:1-24:12
MERGED from [com.android.support:appcompat-v7:27.0.2] AndroidManifest.xml:17:1-22:12
MERGED from [com.android.support:multidex:1.0.2] AndroidManifest.xml:17:1-22:12
MERGED from [com.google.android.gms:play-services-awareness:11.0.4] AndroidManifest.xml:16:1-19:12
MERGED from [com.google.android.gms:play-services-places:11.0.4] AndroidManifest.xml:16:1-19:12
MERGED from [com.google.android.gms:play-services-wallet:11.0.4] AndroidManifest.xml:16:1-20:12
MERGED from [com.google.android.gms:play-services-maps:11.0.4] AndroidManifest.xml:16:1-25:12
MERGED from [com.android.support.constraint:constraint-layout:1.0.2] AndroidManifest.xml:2:1-11:12
MERGED from [com.google.android.gms:play-services-ads:11.0.4] AndroidManifest.xml:16:1-18:12
MERGED from [com.google.android.gms:play-services-ads-lite:11.0.4] AndroidManifest.xml:16:1-27:12
MERGED from [com.google.android.gms:play-services-analytics:11.0.4] AndroidManifest.xml:16:1-27:12
MERGED from [com.google.android.gms:play-services-tagmanager:11.0.4] AndroidManifest.xml:16:1-18:12
MERGED from [com.google.android.gms:play-services-tagmanager-v4-impl:11.0.4] AndroidManifest.xml:16:1-20:12
MERGED from [com.google.android.gms:play-services-analytics-impl:11.0.4] AndroidManifest.xml:16:1-27:12
MERGED from [com.google.android.gms:play-services-appinvite:11.0.4] AndroidManifest.xml:16:1-27:12
MERGED from [com.google.android.gms:play-services-auth-api-phone:11.0.4] AndroidManifest.xml:2:1-4:12
MERGED from [com.google.android.gms:play-services-auth:11.0.4] AndroidManifest.xml:16:1-26:12
MERGED from [com.google.android.gms:play-services-auth-base:11.0.4] AndroidManifest.xml:2:1-5:12
MERGED from [com.google.android.gms:play-services-clearcut:11.0.4] AndroidManifest.xml:16:1-19:12
MERGED from [com.google.firebase:firebase-config:11.0.4] AndroidManifest.xml:16:1-19:12
MERGED from [com.google.android.gms:play-services-games:11.0.4] AndroidManifest.xml:16:1-19:12
MERGED from [com.google.android.gms:play-services-drive:11.0.4] AndroidManifest.xml:16:1-19:12
MERGED from [com.google.firebase:firebase-auth:11.0.4] AndroidManifest.xml:16:1-21:12
MERGED from [com.google.firebase:firebase-dynamic-links:11.0.4] AndroidManifest.xml:2:1-6:12
MERGED from [com.google.android.gms:play-services-fitness:11.0.4] AndroidManifest.xml:16:1-19:12
MERGED from [com.google.android.gms:play-services-gcm:11.0.4] AndroidManifest.xml:16:1-24:12
MERGED from [com.google.firebase:firebase-appindexing:11.0.4] AndroidManifest.xml:16:1-19:12
MERGED from [com.google.android.gms:play-services-identity:11.0.4] AndroidManifest.xml:16:1-19:12
MERGED from [com.google.android.gms:play-services-iid:11.0.4] AndroidManifest.xml:16:1-24:12
MERGED from [com.google.android.gms:play-services-instantapps:11.0.4] AndroidManifest.xml:2:1-4:12
MERGED from [com.google.android.gms:play-services-location:11.0.4] AndroidManifest.xml:2:1-5:12
MERGED from [com.google.android.gms:play-services-nearby:11.0.4] AndroidManifest.xml:2:1-6:12
MERGED from [com.google.android.gms:play-services-panorama:11.0.4] AndroidManifest.xml:16:1-19:12
MERGED from [com.google.android.gms:play-services-plus:11.0.4] AndroidManifest.xml:16:1-19:12
MERGED from [com.google.android.gms:play-services-safetynet:11.0.4] AndroidManifest.xml:16:1-19:12
MERGED from [com.google.android.gms:play-services-vision:11.0.4] AndroidManifest.xml:2:1-5:12
MERGED from [com.google.android.gms:play-services-vision-common:11.0.4] AndroidManifest.xml:2:1-5:12
MERGED from [com.google.android.gms:play-services-wearable:11.0.4] AndroidManifest.xml:16:1-19:12
MERGED from [com.google.android.gms:play-services-base:11.0.4] AndroidManifest.xml:16:1-21:12
MERGED from [com.google.firebase:firebase-crash:11.0.4] AndroidManifest.xml:16:1-25:12
MERGED from [com.google.firebase:firebase-database:11.0.4] AndroidManifest.xml:2:1-4:12
MERGED from [com.google.firebase:firebase-database-connection:11.0.4] AndroidManifest.xml:2:1-4:12
MERGED from [com.google.firebase:firebase-messaging:11.0.4] AndroidManifest.xml:16:1-30:12
MERGED from [com.google.android.gms:play-services-tagmanager-api:11.0.4] AndroidManifest.xml:16:1-34:12
MERGED from [com.google.firebase:firebase-analytics:11.0.4] AndroidManifest.xml:16:1-35:12
MERGED from [com.google.firebase:firebase-analytics-impl:11.0.4] AndroidManifest.xml:16:1-29:12
MERGED from [com.google.firebase:firebase-iid:11.0.4] AndroidManifest.xml:16:1-50:12
MERGED from [com.google.firebase:firebase-storage:11.0.4] AndroidManifest.xml:2:1-4:12
MERGED from [com.google.firebase:firebase-storage-common:11.0.4] AndroidManifest.xml:2:1-4:12
MERGED from [com.google.firebase:firebase-common:11.0.4] AndroidManifest.xml:2:1-8:12
MERGED from [com.google.android.gms:play-services-gass:11.0.4] AndroidManifest.xml:2:1-5:12
MERGED from [com.google.android.gms:play-services-tasks:11.0.4] AndroidManifest.xml:2:1-5:12
MERGED from [com.google.android.gms:play-services-basement:11.0.4] AndroidManifest.xml:16:1-23:12
MERGED from [com.android.support:support-v4:27.0.2] AndroidManifest.xml:17:1-22:12
MERGED from [com.android.support:support-media-compat:27.0.2] AndroidManifest.xml:17:1-22:12
MERGED from [com.android.support:support-fragment:27.0.2] AndroidManifest.xml:17:1-22:12
MERGED from [com.android.support:animated-vector-drawable:27.0.2] AndroidManifest.xml:17:1-22:12
MERGED from [com.android.support:support-core-ui:27.0.2] AndroidManifest.xml:17:1-22:12
MERGED from [com.android.support:support-vector-drawable:27.0.2] AndroidManifest.xml:17:1-22:12
MERGED from [com.android.support:palette-v7:25.2.0] AndroidManifest.xml:17:1-25:12
MERGED from [com.android.support:support-core-utils:27.0.2] AndroidManifest.xml:17:1-22:12
MERGED from [com.android.support:support-compat:27.0.2] AndroidManifest.xml:17:1-22:12
MERGED from [android.arch.lifecycle:runtime:1.0.3] AndroidManifest.xml:17:1-24:12
INJECTED from src\main\AndroidManifest.xml:9:1-69:12
INJECTED from src\main\AndroidManifest.xml:9:1-69:12
INJECTED from src\main\AndroidManifest.xml:9:1-69:12
	package
		ADDED from src\main\AndroidManifest.xml:10:5-32
		INJECTED from src\main\AndroidManifest.xml
		INJECTED from src\main\AndroidManifest.xml
	android:versionName
		INJECTED from src\main\AndroidManifest.xml
		ADDED from src\main\AndroidManifest.xml:9:1-69:12
		INJECTED from src\main\AndroidManifest.xml
	android:versionCode
		INJECTED from src\main\AndroidManifest.xml
		ADDED from src\main\AndroidManifest.xml:9:1-69:12
		INJECTED from src\main\AndroidManifest.xml
	xmlns:android
		ADDED from src\main\AndroidManifest.xml:9:11-69
uses-permission#android.permission.INTERNET
ADDED from src\main\AndroidManifest.xml:12:5-67
MERGED from [com.google.android.gms:play-services-maps:11.0.4] AndroidManifest.xml:20:5-66
MERGED from [com.google.android.gms:play-services-maps:11.0.4] AndroidManifest.xml:20:5-66
MERGED from [com.google.android.gms:play-services-ads-lite:11.0.4] AndroidManifest.xml:19:5-66
MERGED from [com.google.android.gms:play-services-ads-lite:11.0.4] AndroidManifest.xml:19:5-66
MERGED from [com.google.android.gms:play-services-analytics:11.0.4] AndroidManifest.xml:20:5-66
MERGED from [com.google.android.gms:play-services-analytics:11.0.4] AndroidManifest.xml:20:5-66
MERGED from [com.google.android.gms:play-services-analytics-impl:11.0.4] AndroidManifest.xml:20:5-66
MERGED from [com.google.android.gms:play-services-analytics-impl:11.0.4] AndroidManifest.xml:20:5-66
MERGED from [com.google.android.gms:play-services-appinvite:11.0.4] AndroidManifest.xml:18:5-66
MERGED from [com.google.android.gms:play-services-appinvite:11.0.4] AndroidManifest.xml:18:5-66
MERGED from [com.google.android.gms:play-services-gcm:11.0.4] AndroidManifest.xml:21:5-66
MERGED from [com.google.android.gms:play-services-gcm:11.0.4] AndroidManifest.xml:21:5-66
MERGED from [com.google.android.gms:play-services-iid:11.0.4] AndroidManifest.xml:21:5-66
MERGED from [com.google.android.gms:play-services-iid:11.0.4] AndroidManifest.xml:21:5-66
MERGED from [com.google.firebase:firebase-crash:11.0.4] AndroidManifest.xml:18:5-66
MERGED from [com.google.firebase:firebase-crash:11.0.4] AndroidManifest.xml:18:5-66
MERGED from [com.google.android.gms:play-services-tagmanager-api:11.0.4] AndroidManifest.xml:20:5-66
MERGED from [com.google.android.gms:play-services-tagmanager-api:11.0.4] AndroidManifest.xml:20:5-66
MERGED from [com.google.firebase:firebase-analytics:11.0.4] AndroidManifest.xml:20:5-66
MERGED from [com.google.firebase:firebase-analytics:11.0.4] AndroidManifest.xml:20:5-66
MERGED from [com.google.firebase:firebase-analytics-impl:11.0.4] AndroidManifest.xml:20:5-66
MERGED from [com.google.firebase:firebase-analytics-impl:11.0.4] AndroidManifest.xml:20:5-66
MERGED from [com.google.firebase:firebase-iid:11.0.4] AndroidManifest.xml:20:5-66
MERGED from [com.google.firebase:firebase-iid:11.0.4] AndroidManifest.xml:20:5-66
	android:name
		ADDED from src\main\AndroidManifest.xml:12:22-64
uses-permission#android.permission.ACCESS_NETWORK_STATE
ADDED from src\main\AndroidManifest.xml:13:5-79
MERGED from [com.google.android.gms:play-services-maps:11.0.4] AndroidManifest.xml:19:5-78
MERGED from [com.google.android.gms:play-services-maps:11.0.4] AndroidManifest.xml:19:5-78
MERGED from [com.google.android.gms:play-services-ads-lite:11.0.4] AndroidManifest.xml:20:5-78
MERGED from [com.google.android.gms:play-services-ads-lite:11.0.4] AndroidManifest.xml:20:5-78
MERGED from [com.google.android.gms:play-services-analytics:11.0.4] AndroidManifest.xml:21:5-78
MERGED from [com.google.android.gms:play-services-analytics:11.0.4] AndroidManifest.xml:21:5-78
MERGED from [com.google.android.gms:play-services-analytics-impl:11.0.4] AndroidManifest.xml:21:5-78
MERGED from [com.google.android.gms:play-services-analytics-impl:11.0.4] AndroidManifest.xml:21:5-78
MERGED from [com.google.android.gms:play-services-nearby:11.0.4] AndroidManifest.xml:4:5-78
MERGED from [com.google.android.gms:play-services-nearby:11.0.4] AndroidManifest.xml:4:5-78
MERGED from [com.google.android.gms:play-services-tagmanager-api:11.0.4] AndroidManifest.xml:21:5-78
MERGED from [com.google.android.gms:play-services-tagmanager-api:11.0.4] AndroidManifest.xml:21:5-78
MERGED from [com.google.firebase:firebase-analytics:11.0.4] AndroidManifest.xml:21:5-78
MERGED from [com.google.firebase:firebase-analytics:11.0.4] AndroidManifest.xml:21:5-78
MERGED from [com.google.firebase:firebase-analytics-impl:11.0.4] AndroidManifest.xml:21:5-78
MERGED from [com.google.firebase:firebase-analytics-impl:11.0.4] AndroidManifest.xml:21:5-78
MERGED from [com.google.firebase:firebase-iid:11.0.4] AndroidManifest.xml:19:5-78
MERGED from [com.google.firebase:firebase-iid:11.0.4] AndroidManifest.xml:19:5-78
	android:name
		ADDED from src\main\AndroidManifest.xml:13:22-76
uses-permission#android.permission.READ_EXTERNAL_STORAGE
ADDED from src\main\AndroidManifest.xml:14:5-80
	android:name
		ADDED from src\main\AndroidManifest.xml:14:22-77
uses-permission#android.permission.ACCESS_FINE_LOCATION
ADDED from src\main\AndroidManifest.xml:15:5-79
	android:name
		ADDED from src\main\AndroidManifest.xml:15:22-76
application
ADDED from src\main\AndroidManifest.xml:17:5-67:19
MERGED from [com.google.android.gms:play-services:11.0.4] AndroidManifest.xml:5:5-20
MERGED from [com.google.android.gms:play-services:11.0.4] AndroidManifest.xml:5:5-20
MERGED from [com.google.android.gms:play-services-cast-framework:11.0.4] AndroidManifest.xml:4:5-8:19
MERGED from [com.google.android.gms:play-services-cast-framework:11.0.4] AndroidManifest.xml:4:5-8:19
MERGED from [com.google.android.gms:play-services-cast:11.0.4] AndroidManifest.xml:18:5-19
MERGED from [com.google.android.gms:play-services-cast:11.0.4] AndroidManifest.xml:18:5-19
MERGED from [com.android.support:mediarouter-v7:25.2.0] AndroidManifest.xml:22:5-20
MERGED from [com.android.support:mediarouter-v7:25.2.0] AndroidManifest.xml:22:5-20
MERGED from [com.google.android.gms:play-services-awareness:11.0.4] AndroidManifest.xml:18:5-19
MERGED from [com.google.android.gms:play-services-awareness:11.0.4] AndroidManifest.xml:18:5-19
MERGED from [com.google.android.gms:play-services-places:11.0.4] AndroidManifest.xml:18:5-19
MERGED from [com.google.android.gms:play-services-places:11.0.4] AndroidManifest.xml:18:5-19
MERGED from [com.google.android.gms:play-services-maps:11.0.4] AndroidManifest.xml:24:5-19
MERGED from [com.google.android.gms:play-services-maps:11.0.4] AndroidManifest.xml:24:5-19
MERGED from [com.android.support.constraint:constraint-layout:1.0.2] AndroidManifest.xml:9:5-20
MERGED from [com.android.support.constraint:constraint-layout:1.0.2] AndroidManifest.xml:9:5-20
MERGED from [com.google.android.gms:play-services-ads-lite:11.0.4] AndroidManifest.xml:23:5-26:19
MERGED from [com.google.android.gms:play-services-ads-lite:11.0.4] AndroidManifest.xml:23:5-26:19
MERGED from [com.google.android.gms:play-services-analytics:11.0.4] AndroidManifest.xml:26:5-19
MERGED from [com.google.android.gms:play-services-analytics:11.0.4] AndroidManifest.xml:26:5-19
MERGED from [com.google.android.gms:play-services-tagmanager-v4-impl:11.0.4] AndroidManifest.xml:19:5-19
MERGED from [com.google.android.gms:play-services-tagmanager-v4-impl:11.0.4] AndroidManifest.xml:19:5-19
MERGED from [com.google.android.gms:play-services-analytics-impl:11.0.4] AndroidManifest.xml:26:5-19
MERGED from [com.google.android.gms:play-services-analytics-impl:11.0.4] AndroidManifest.xml:26:5-19
MERGED from [com.google.android.gms:play-services-appinvite:11.0.4] AndroidManifest.xml:19:5-26:19
MERGED from [com.google.android.gms:play-services-appinvite:11.0.4] AndroidManifest.xml:19:5-26:19
MERGED from [com.google.android.gms:play-services-auth:11.0.4] AndroidManifest.xml:19:5-25:19
MERGED from [com.google.android.gms:play-services-auth:11.0.4] AndroidManifest.xml:19:5-25:19
MERGED from [com.google.android.gms:play-services-clearcut:11.0.4] AndroidManifest.xml:18:5-19
MERGED from [com.google.android.gms:play-services-clearcut:11.0.4] AndroidManifest.xml:18:5-19
MERGED from [com.google.firebase:firebase-config:11.0.4] AndroidManifest.xml:18:5-19
MERGED from [com.google.firebase:firebase-config:11.0.4] AndroidManifest.xml:18:5-19
MERGED from [com.google.android.gms:play-services-games:11.0.4] AndroidManifest.xml:18:5-19
MERGED from [com.google.android.gms:play-services-games:11.0.4] AndroidManifest.xml:18:5-19
MERGED from [com.google.android.gms:play-services-drive:11.0.4] AndroidManifest.xml:18:5-19
MERGED from [com.google.android.gms:play-services-drive:11.0.4] AndroidManifest.xml:18:5-19
MERGED from [com.google.firebase:firebase-auth:11.0.4] AndroidManifest.xml:19:5-20:19
MERGED from [com.google.firebase:firebase-auth:11.0.4] AndroidManifest.xml:19:5-20:19
MERGED from [com.google.firebase:firebase-dynamic-links:11.0.4] AndroidManifest.xml:5:3-17
MERGED from [com.google.firebase:firebase-dynamic-links:11.0.4] AndroidManifest.xml:5:3-17
MERGED from [com.google.android.gms:play-services-fitness:11.0.4] AndroidManifest.xml:18:5-19
MERGED from [com.google.android.gms:play-services-fitness:11.0.4] AndroidManifest.xml:18:5-19
MERGED from [com.google.android.gms:play-services-gcm:11.0.4] AndroidManifest.xml:23:5-19
MERGED from [com.google.android.gms:play-services-gcm:11.0.4] AndroidManifest.xml:23:5-19
MERGED from [com.google.firebase:firebase-appindexing:11.0.4] AndroidManifest.xml:18:5-19
MERGED from [com.google.firebase:firebase-appindexing:11.0.4] AndroidManifest.xml:18:5-19
MERGED from [com.google.android.gms:play-services-identity:11.0.4] AndroidManifest.xml:18:5-19
MERGED from [com.google.android.gms:play-services-identity:11.0.4] AndroidManifest.xml:18:5-19
MERGED from [com.google.android.gms:play-services-iid:11.0.4] AndroidManifest.xml:23:5-19
MERGED from [com.google.android.gms:play-services-iid:11.0.4] AndroidManifest.xml:23:5-19
MERGED from [com.google.android.gms:play-services-location:11.0.4] AndroidManifest.xml:4:5-19
MERGED from [com.google.android.gms:play-services-location:11.0.4] AndroidManifest.xml:4:5-19
MERGED from [com.google.android.gms:play-services-nearby:11.0.4] AndroidManifest.xml:5:5-19
MERGED from [com.google.android.gms:play-services-nearby:11.0.4] AndroidManifest.xml:5:5-19
MERGED from [com.google.android.gms:play-services-panorama:11.0.4] AndroidManifest.xml:18:5-19
MERGED from [com.google.android.gms:play-services-panorama:11.0.4] AndroidManifest.xml:18:5-19
MERGED from [com.google.android.gms:play-services-plus:11.0.4] AndroidManifest.xml:18:5-19
MERGED from [com.google.android.gms:play-services-plus:11.0.4] AndroidManifest.xml:18:5-19
MERGED from [com.google.android.gms:play-services-safetynet:11.0.4] AndroidManifest.xml:18:5-19
MERGED from [com.google.android.gms:play-services-safetynet:11.0.4] AndroidManifest.xml:18:5-19
MERGED from [com.google.android.gms:play-services-vision:11.0.4] AndroidManifest.xml:4:5-19
MERGED from [com.google.android.gms:play-services-vision:11.0.4] AndroidManifest.xml:4:5-19
MERGED from [com.google.android.gms:play-services-vision-common:11.0.4] AndroidManifest.xml:4:5-19
MERGED from [com.google.android.gms:play-services-vision-common:11.0.4] AndroidManifest.xml:4:5-19
MERGED from [com.google.android.gms:play-services-wearable:11.0.4] AndroidManifest.xml:18:5-19
MERGED from [com.google.android.gms:play-services-wearable:11.0.4] AndroidManifest.xml:18:5-19
MERGED from [com.google.android.gms:play-services-base:11.0.4] AndroidManifest.xml:18:5-20:19
MERGED from [com.google.android.gms:play-services-base:11.0.4] AndroidManifest.xml:18:5-20:19
MERGED from [com.google.firebase:firebase-crash:11.0.4] AndroidManifest.xml:22:5-23:19
MERGED from [com.google.firebase:firebase-crash:11.0.4] AndroidManifest.xml:22:5-23:19
MERGED from [com.google.firebase:firebase-messaging:11.0.4] AndroidManifest.xml:19:5-29:19
MERGED from [com.google.firebase:firebase-messaging:11.0.4] AndroidManifest.xml:19:5-29:19
MERGED from [com.google.android.gms:play-services-tagmanager-api:11.0.4] AndroidManifest.xml:23:5-33:19
MERGED from [com.google.android.gms:play-services-tagmanager-api:11.0.4] AndroidManifest.xml:23:5-33:19
MERGED from [com.google.firebase:firebase-analytics:11.0.4] AndroidManifest.xml:24:5-34:19
MERGED from [com.google.firebase:firebase-analytics:11.0.4] AndroidManifest.xml:24:5-34:19
MERGED from [com.google.firebase:firebase-analytics-impl:11.0.4] AndroidManifest.xml:24:5-28:19
MERGED from [com.google.firebase:firebase-analytics-impl:11.0.4] AndroidManifest.xml:24:5-28:19
MERGED from [com.google.firebase:firebase-iid:11.0.4] AndroidManifest.xml:28:5-49:19
MERGED from [com.google.firebase:firebase-iid:11.0.4] AndroidManifest.xml:28:5-49:19
MERGED from [com.google.firebase:firebase-common:11.0.4] AndroidManifest.xml:4:5-7:19
MERGED from [com.google.firebase:firebase-common:11.0.4] AndroidManifest.xml:4:5-7:19
MERGED from [com.google.android.gms:play-services-gass:11.0.4] AndroidManifest.xml:4:5-19
MERGED from [com.google.android.gms:play-services-gass:11.0.4] AndroidManifest.xml:4:5-19
MERGED from [com.google.android.gms:play-services-tasks:11.0.4] AndroidManifest.xml:4:5-19
MERGED from [com.google.android.gms:play-services-tasks:11.0.4] AndroidManifest.xml:4:5-19
MERGED from [com.google.android.gms:play-services-basement:11.0.4] AndroidManifest.xml:19:5-21:19
MERGED from [com.google.android.gms:play-services-basement:11.0.4] AndroidManifest.xml:19:5-21:19
MERGED from [com.android.support:palette-v7:25.2.0] AndroidManifest.xml:22:5-23:19
MERGED from [com.android.support:palette-v7:25.2.0] AndroidManifest.xml:22:5-23:19
	android:label
		ADDED from src\main\AndroidManifest.xml:21:9-34
	android:icon
		ADDED from src\main\AndroidManifest.xml:20:9-38
	android:allowBackup
		ADDED from src\main\AndroidManifest.xml:19:9-35
	android:theme
		ADDED from src\main\AndroidManifest.xml:22:9-40
	android:name
		ADDED from src\main\AndroidManifest.xml:18:9-43
activity#com.parse.starter.SplashActivity
ADDED from src\main\AndroidManifest.xml:24:9-34:20
	android:label
		ADDED from src\main\AndroidManifest.xml:27:13-36
	android:configChanges
		ADDED from src\main\AndroidManifest.xml:26:13-74
	android:theme
		ADDED from src\main\AndroidManifest.xml:28:13-51
	android:name
		ADDED from src\main\AndroidManifest.xml:25:13-43
intent-filter#android.intent.action.MAIN+android.intent.category.LAUNCHER
ADDED from src\main\AndroidManifest.xml:29:13-33:29
action#android.intent.action.MAIN
ADDED from src\main\AndroidManifest.xml:30:17-69
	android:name
		ADDED from src\main\AndroidManifest.xml:30:25-66
category#android.intent.category.LAUNCHER
ADDED from src\main\AndroidManifest.xml:32:17-77
	android:name
		ADDED from src\main\AndroidManifest.xml:32:27-74
activity#com.parse.starter.MainActivity
ADDED from src\main\AndroidManifest.xml:37:9-45:20
	android:label
		ADDED from src\main\AndroidManifest.xml:39:13-36
	android:name
		ADDED from src\main\AndroidManifest.xml:38:13-41
intent-filter#android.intent.action.MAIN+android.intent.category.DEFAULT
ADDED from src\main\AndroidManifest.xml:40:13-44:29
category#android.intent.category.DEFAULT
ADDED from src\main\AndroidManifest.xml:43:17-76
	android:name
		ADDED from src\main\AndroidManifest.xml:43:27-73
meta-data#com.google.android.geo.API_KEY
ADDED from src\main\AndroidManifest.xml:55:9-57:55
	android:value
		ADDED from src\main\AndroidManifest.xml:57:13-52
	android:name
		ADDED from src\main\AndroidManifest.xml:56:13-58
activity#com.parse.starter.RiderActivity
ADDED from src\main\AndroidManifest.xml:59:9-61:60
	android:label
		ADDED from src\main\AndroidManifest.xml:61:13-57
	android:name
		ADDED from src\main\AndroidManifest.xml:60:13-42
activity#com.parse.starter.ViewRequestsActivity
ADDED from src\main\AndroidManifest.xml:62:9-58
	android:name
		ADDED from src\main\AndroidManifest.xml:62:19-55
activity#com.parse.starter.DriverLocationActivity
ADDED from src\main\AndroidManifest.xml:63:9-65:70
	android:label
		ADDED from src\main\AndroidManifest.xml:65:13-67
	android:name
		ADDED from src\main\AndroidManifest.xml:64:13-51
uses-sdk
INJECTED from src\main\AndroidManifest.xml reason: use-sdk injection requested
INJECTED from src\main\AndroidManifest.xml
INJECTED from src\main\AndroidManifest.xml
MERGED from [com.google.android.gms:play-services:11.0.4] AndroidManifest.xml:4:5-43
MERGED from [com.google.android.gms:play-services:11.0.4] AndroidManifest.xml:4:5-43
MERGED from [com.google.android.gms:play-services-cast-framework:11.0.4] AndroidManifest.xml:3:5-43
MERGED from [com.google.android.gms:play-services-cast-framework:11.0.4] AndroidManifest.xml:3:5-43
MERGED from [com.google.android.gms:play-services-cast:11.0.4] AndroidManifest.xml:17:5-43
MERGED from [com.google.android.gms:play-services-cast:11.0.4] AndroidManifest.xml:17:5-43
MERGED from [com.android.support:mediarouter-v7:25.2.0] AndroidManifest.xml:20:5-43
MERGED from [com.android.support:mediarouter-v7:25.2.0] AndroidManifest.xml:20:5-43
MERGED from [com.android.support:appcompat-v7:27.0.2] AndroidManifest.xml:20:5-44
MERGED from [com.android.support:appcompat-v7:27.0.2] AndroidManifest.xml:20:5-44
MERGED from [com.android.support:multidex:1.0.2] AndroidManifest.xml:20:5-43
MERGED from [com.android.support:multidex:1.0.2] AndroidManifest.xml:20:5-43
MERGED from [com.google.android.gms:play-services-awareness:11.0.4] AndroidManifest.xml:17:5-43
MERGED from [com.google.android.gms:play-services-awareness:11.0.4] AndroidManifest.xml:17:5-43
MERGED from [com.google.android.gms:play-services-places:11.0.4] AndroidManifest.xml:17:5-43
MERGED from [com.google.android.gms:play-services-places:11.0.4] AndroidManifest.xml:17:5-43
MERGED from [com.google.android.gms:play-services-wallet:11.0.4] AndroidManifest.xml:18:5-43
MERGED from [com.google.android.gms:play-services-wallet:11.0.4] AndroidManifest.xml:18:5-43
MERGED from [com.google.android.gms:play-services-maps:11.0.4] AndroidManifest.xml:23:5-43
MERGED from [com.google.android.gms:play-services-maps:11.0.4] AndroidManifest.xml:23:5-43
MERGED from [com.android.support.constraint:constraint-layout:1.0.2] AndroidManifest.xml:5:5-7:41
MERGED from [com.android.support.constraint:constraint-layout:1.0.2] AndroidManifest.xml:5:5-7:41
MERGED from [com.google.android.gms:play-services-ads:11.0.4] AndroidManifest.xml:17:5-43
MERGED from [com.google.android.gms:play-services-ads:11.0.4] AndroidManifest.xml:17:5-43
MERGED from [com.google.android.gms:play-services-ads-lite:11.0.4] AndroidManifest.xml:22:5-43
MERGED from [com.google.android.gms:play-services-ads-lite:11.0.4] AndroidManifest.xml:22:5-43
MERGED from [com.google.android.gms:play-services-analytics:11.0.4] AndroidManifest.xml:17:5-43
MERGED from [com.google.android.gms:play-services-analytics:11.0.4] AndroidManifest.xml:17:5-43
MERGED from [com.google.android.gms:play-services-tagmanager:11.0.4] AndroidManifest.xml:17:5-43
MERGED from [com.google.android.gms:play-services-tagmanager:11.0.4] AndroidManifest.xml:17:5-43
MERGED from [com.google.android.gms:play-services-tagmanager-v4-impl:11.0.4] AndroidManifest.xml:17:5-43
MERGED from [com.google.android.gms:play-services-tagmanager-v4-impl:11.0.4] AndroidManifest.xml:17:5-43
MERGED from [com.google.android.gms:play-services-analytics-impl:11.0.4] AndroidManifest.xml:17:5-43
MERGED from [com.google.android.gms:play-services-analytics-impl:11.0.4] AndroidManifest.xml:17:5-43
MERGED from [com.google.android.gms:play-services-appinvite:11.0.4] AndroidManifest.xml:17:5-43
MERGED from [com.google.android.gms:play-services-appinvite:11.0.4] AndroidManifest.xml:17:5-43
MERGED from [com.google.android.gms:play-services-auth-api-phone:11.0.4] AndroidManifest.xml:3:3-41
MERGED from [com.google.android.gms:play-services-auth-api-phone:11.0.4] AndroidManifest.xml:3:3-41
MERGED from [com.google.android.gms:play-services-auth:11.0.4] AndroidManifest.xml:17:5-43
MERGED from [com.google.android.gms:play-services-auth:11.0.4] AndroidManifest.xml:17:5-43
MERGED from [com.google.android.gms:play-services-auth-base:11.0.4] AndroidManifest.xml:4:5-43
MERGED from [com.google.android.gms:play-services-auth-base:11.0.4] AndroidManifest.xml:4:5-43
MERGED from [com.google.android.gms:play-services-clearcut:11.0.4] AndroidManifest.xml:17:5-43
MERGED from [com.google.android.gms:play-services-clearcut:11.0.4] AndroidManifest.xml:17:5-43
MERGED from [com.google.firebase:firebase-config:11.0.4] AndroidManifest.xml:17:5-43
MERGED from [com.google.firebase:firebase-config:11.0.4] AndroidManifest.xml:17:5-43
MERGED from [com.google.android.gms:play-services-games:11.0.4] AndroidManifest.xml:17:5-43
MERGED from [com.google.android.gms:play-services-games:11.0.4] AndroidManifest.xml:17:5-43
MERGED from [com.google.android.gms:play-services-drive:11.0.4] AndroidManifest.xml:17:5-43
MERGED from [com.google.android.gms:play-services-drive:11.0.4] AndroidManifest.xml:17:5-43
MERGED from [com.google.firebase:firebase-auth:11.0.4] AndroidManifest.xml:17:5-43
MERGED from [com.google.firebase:firebase-auth:11.0.4] AndroidManifest.xml:17:5-43
MERGED from [com.google.firebase:firebase-dynamic-links:11.0.4] AndroidManifest.xml:3:3-41
MERGED from [com.google.firebase:firebase-dynamic-links:11.0.4] AndroidManifest.xml:3:3-41
MERGED from [com.google.android.gms:play-services-fitness:11.0.4] AndroidManifest.xml:17:5-43
MERGED from [com.google.android.gms:play-services-fitness:11.0.4] AndroidManifest.xml:17:5-43
MERGED from [com.google.android.gms:play-services-gcm:11.0.4] AndroidManifest.xml:17:5-43
MERGED from [com.google.android.gms:play-services-gcm:11.0.4] AndroidManifest.xml:17:5-43
MERGED from [com.google.firebase:firebase-appindexing:11.0.4] AndroidManifest.xml:17:5-43
MERGED from [com.google.firebase:firebase-appindexing:11.0.4] AndroidManifest.xml:17:5-43
MERGED from [com.google.android.gms:play-services-identity:11.0.4] AndroidManifest.xml:17:5-43
MERGED from [com.google.android.gms:play-services-identity:11.0.4] AndroidManifest.xml:17:5-43
MERGED from [com.google.android.gms:play-services-iid:11.0.4] AndroidManifest.xml:17:5-43
MERGED from [com.google.android.gms:play-services-iid:11.0.4] AndroidManifest.xml:17:5-43
MERGED from [com.google.android.gms:play-services-instantapps:11.0.4] AndroidManifest.xml:3:5-43
MERGED from [com.google.android.gms:play-services-instantapps:11.0.4] AndroidManifest.xml:3:5-43
MERGED from [com.google.android.gms:play-services-location:11.0.4] AndroidManifest.xml:3:5-43
MERGED from [com.google.android.gms:play-services-location:11.0.4] AndroidManifest.xml:3:5-43
MERGED from [com.google.android.gms:play-services-nearby:11.0.4] AndroidManifest.xml:3:5-43
MERGED from [com.google.android.gms:play-services-nearby:11.0.4] AndroidManifest.xml:3:5-43
MERGED from [com.google.android.gms:play-services-panorama:11.0.4] AndroidManifest.xml:17:5-43
MERGED from [com.google.android.gms:play-services-panorama:11.0.4] AndroidManifest.xml:17:5-43
MERGED from [com.google.android.gms:play-services-plus:11.0.4] AndroidManifest.xml:17:5-43
MERGED from [com.google.android.gms:play-services-plus:11.0.4] AndroidManifest.xml:17:5-43
MERGED from [com.google.android.gms:play-services-safetynet:11.0.4] AndroidManifest.xml:17:5-43
MERGED from [com.google.android.gms:play-services-safetynet:11.0.4] AndroidManifest.xml:17:5-43
MERGED from [com.google.android.gms:play-services-vision:11.0.4] AndroidManifest.xml:3:5-43
MERGED from [com.google.android.gms:play-services-vision:11.0.4] AndroidManifest.xml:3:5-43